Copyright 1986-2022 Xilinx, Inc. All Rights Reserved. Copyright 2022-2023 Advanced Micro Devices, Inc. All Rights Reserved.
------------------------------------------------------------------------------------------------------------------------------------------------------------------------------------------------------------------
| Tool Version : Vivado v.2023.1 (win64) Build 3865809 Sun May  7 15:05:29 MDT 2023
| Date         : Mon Sep 23 09:38:49 2024
| Host         : TinkPad-Dani running 64-bit major release  (build 9200)
| Command      : report_timing_summary -max_paths 10 -report_unconstrained -file sumador_timing_summary_routed.rpt -pb sumador_timing_summary_routed.pb -rpx sumador_timing_summary_routed.rpx -warn_on_violation
| Design       : sumador
| Device       : 7a35t-cpg236
| Speed File   : -1  PRODUCTION 1.23 2018-06-13
| Design State : Routed
------------------------------------------------------------------------------------------------------------------------------------------------------------------------------------------------------------------

Timing Summary Report

------------------------------------------------------------------------------------------------
| Timer Settings
| --------------
------------------------------------------------------------------------------------------------

  Enable Multi Corner Analysis               :  Yes
  Enable Pessimism Removal                   :  Yes
  Pessimism Removal Resolution               :  Nearest Common Node
  Enable Input Delay Default Clock           :  No
  Enable Preset / Clear Arcs                 :  No
  Disable Flight Delays                      :  No
  Ignore I/O Paths                           :  No
  Timing Early Launch at Borrowing Latches   :  No
  Borrow Time for Max Delay Exceptions       :  Yes
  Merge Timing Exceptions                    :  Yes

  Corner  Analyze    Analyze    
  Name    Max Paths  Min Paths  
  ------  ---------  ---------  
  Slow    Yes        Yes        
  Fast    Yes        Yes        


------------------------------------------------------------------------------------------------
| Report Methodology
| ------------------
------------------------------------------------------------------------------------------------

No report available as report_methodology has not been run prior. Run report_methodology on the current design for the summary of methodology violations.



check_timing report

Table of Contents
-----------------
1. checking no_clock (0)
2. checking constant_clock (0)
3. checking pulse_width_clock (0)
4. checking unconstrained_internal_endpoints (0)
5. checking no_input_delay (0)
6. checking no_output_delay (0)
7. checking multiple_clock (0)
8. checking generated_clocks (0)
9. checking loops (0)
10. checking partial_input_delay (0)
11. checking partial_output_delay (0)
12. checking latch_loops (0)

1. checking no_clock (0)
------------------------
 There are 0 register/latch pins with no clock.


2. checking constant_clock (0)
------------------------------
 There are 0 register/latch pins with constant_clock.


3. checking pulse_width_clock (0)
---------------------------------
 There are 0 register/latch pins which need pulse_width check


4. checking unconstrained_internal_endpoints (0)
------------------------------------------------
 There are 0 pins that are not constrained for maximum delay.

 There are 0 pins that are not constrained for maximum delay due to constant clock.


5. checking no_input_delay (0)
------------------------------
 There are 0 input ports with no input delay specified.

 There are 0 input ports with no input delay but user has a false path constraint.


6. checking no_output_delay (0)
-------------------------------
 There are 0 ports with no output delay specified.

 There are 0 ports with no output delay but user has a false path constraint

 There are 0 ports with no output delay but with a timing clock defined on it or propagating through it


7. checking multiple_clock (0)
------------------------------
 There are 0 register/latch pins with multiple clocks.


8. checking generated_clocks (0)
--------------------------------
 There are 0 generated clocks that are not connected to a clock source.


9. checking loops (0)
---------------------
 There are 0 combinational loops in the design.


10. checking partial_input_delay (0)
------------------------------------
 There are 0 input ports with partial input delay specified.


11. checking partial_output_delay (0)
-------------------------------------
 There are 0 ports with partial output delay specified.


12. checking latch_loops (0)
----------------------------
 There are 0 combinational latch loops in the design through latch input



------------------------------------------------------------------------------------------------
| Design Timing Summary
| ---------------------
------------------------------------------------------------------------------------------------

    WNS(ns)      TNS(ns)  TNS Failing Endpoints  TNS Total Endpoints      WHS(ns)      THS(ns)  THS Failing Endpoints  THS Total Endpoints     WPWS(ns)     TPWS(ns)  TPWS Failing Endpoints  TPWS Total Endpoints  
    -------      -------  ---------------------  -------------------      -------      -------  ---------------------  -------------------     --------     --------  ----------------------  --------------------  
        inf        0.000                      0                    4          inf        0.000                      0                    4           NA           NA                      NA                    NA  


There are no user specified timing constraints.


------------------------------------------------------------------------------------------------
| Clock Summary
| -------------
------------------------------------------------------------------------------------------------


------------------------------------------------------------------------------------------------
| Intra Clock Table
| -----------------
------------------------------------------------------------------------------------------------

Clock             WNS(ns)      TNS(ns)  TNS Failing Endpoints  TNS Total Endpoints      WHS(ns)      THS(ns)  THS Failing Endpoints  THS Total Endpoints     WPWS(ns)     TPWS(ns)  TPWS Failing Endpoints  TPWS Total Endpoints  
-----             -------      -------  ---------------------  -------------------      -------      -------  ---------------------  -------------------     --------     --------  ----------------------  --------------------  


------------------------------------------------------------------------------------------------
| Inter Clock Table
| -----------------
------------------------------------------------------------------------------------------------

From Clock    To Clock          WNS(ns)      TNS(ns)  TNS Failing Endpoints  TNS Total Endpoints      WHS(ns)      THS(ns)  THS Failing Endpoints  THS Total Endpoints  
----------    --------          -------      -------  ---------------------  -------------------      -------      -------  ---------------------  -------------------  


------------------------------------------------------------------------------------------------
| Other Path Groups Table
| -----------------------
------------------------------------------------------------------------------------------------

Path Group    From Clock    To Clock          WNS(ns)      TNS(ns)  TNS Failing Endpoints  TNS Total Endpoints      WHS(ns)      THS(ns)  THS Failing Endpoints  THS Total Endpoints  
----------    ----------    --------          -------      -------  ---------------------  -------------------      -------      -------  ---------------------  -------------------  


------------------------------------------------------------------------------------------------
| User Ignored Path Table
| -----------------------
------------------------------------------------------------------------------------------------

Path Group    From Clock    To Clock    
----------    ----------    --------    


------------------------------------------------------------------------------------------------
| Unconstrained Path Table
| ------------------------
------------------------------------------------------------------------------------------------

Path Group    From Clock    To Clock    
----------    ----------    --------    
(none)                                    


------------------------------------------------------------------------------------------------
| Timing Details
| --------------
------------------------------------------------------------------------------------------------


--------------------------------------------------------------------------------------
Path Group:  (none)
From Clock:  
  To Clock:  

Max Delay             4 Endpoints
Min Delay             4 Endpoints
--------------------------------------------------------------------------------------


Max Delay Paths
--------------------------------------------------------------------------------------
Slack:                    inf
  Source:                 A[1]
                            (input port)
  Destination:            C[1]
                            (output port)
  Path Group:             (none)
  Path Type:              Max at Slow Process Corner
  Data Path Delay:        9.638ns  (logic 5.345ns (55.458%)  route 4.293ns (44.542%))
  Logic Levels:           3  (IBUF=1 LUT4=1 OBUF=1)

    Location             Delay type                Incr(ns)  Path(ns)    Netlist Resource(s)
  -------------------------------------------------------------------    -------------------
    V16                                               0.000     0.000 r  A[1] (IN)
                         net (fo=0)                   0.000     0.000    A[1]
    V16                  IBUF (Prop_ibuf_I_O)         1.461     1.461 r  A_IBUF[1]_inst/O
                         net (fo=3, routed)           1.392     2.854    A_IBUF[1]
    SLICE_X0Y10          LUT4 (Prop_lut4_I3_O)        0.152     3.006 r  C_OBUF[1]_inst_i_1/O
                         net (fo=1, routed)           2.900     5.906    C_OBUF[1]
    E19                  OBUF (Prop_obuf_I_O)         3.732     9.638 r  C_OBUF[1]_inst/O
                         net (fo=0)                   0.000     9.638    C[1]
    E19                                                               r  C[1] (OUT)
  -------------------------------------------------------------------    -------------------

Slack:                    inf
  Source:                 A[1]
                            (input port)
  Destination:            C[3]
                            (output port)
  Path Group:             (none)
  Path Type:              Max at Slow Process Corner
  Data Path Delay:        9.203ns  (logic 5.218ns (56.705%)  route 3.984ns (43.295%))
  Logic Levels:           4  (IBUF=1 LUT4=1 LUT5=1 OBUF=1)

    Location             Delay type                Incr(ns)  Path(ns)    Netlist Resource(s)
  -------------------------------------------------------------------    -------------------
    V16                                               0.000     0.000 r  A[1] (IN)
                         net (fo=0)                   0.000     0.000    A[1]
    V16                  IBUF (Prop_ibuf_I_O)         1.461     1.461 r  A_IBUF[1]_inst/O
                         net (fo=3, routed)           1.392     2.854    A_IBUF[1]
    SLICE_X0Y10          LUT4 (Prop_lut4_I1_O)        0.124     2.978 r  C_OBUF[3]_inst_i_2/O
                         net (fo=1, routed)           0.669     3.647    C_OBUF[3]_inst_i_2_n_0
    SLICE_X0Y10          LUT5 (Prop_lut5_I0_O)        0.124     3.771 r  C_OBUF[3]_inst_i_1/O
                         net (fo=1, routed)           1.923     5.694    C_OBUF[3]
    V19                  OBUF (Prop_obuf_I_O)         3.509     9.203 r  C_OBUF[3]_inst/O
                         net (fo=0)                   0.000     9.203    C[3]
    V19                                                               r  C[3] (OUT)
  -------------------------------------------------------------------    -------------------

Slack:                    inf
  Source:                 B[2]
                            (input port)
  Destination:            C[2]
                            (output port)
  Path Group:             (none)
  Path Type:              Max at Slow Process Corner
  Data Path Delay:        8.745ns  (logic 5.075ns (58.028%)  route 3.671ns (41.972%))
  Logic Levels:           3  (IBUF=1 LUT6=1 OBUF=1)

    Location             Delay type                Incr(ns)  Path(ns)    Netlist Resource(s)
  -------------------------------------------------------------------    -------------------
    W14                                               0.000     0.000 r  B[2] (IN)
                         net (fo=0)                   0.000     0.000    B[2]
    W14                  IBUF (Prop_ibuf_I_O)         1.450     1.450 r  B_IBUF[2]_inst/O
                         net (fo=2, routed)           1.611     3.061    B_IBUF[2]
    SLICE_X0Y10          LUT6 (Prop_lut6_I4_O)        0.124     3.185 r  C_OBUF[2]_inst_i_1/O
                         net (fo=1, routed)           2.059     5.244    C_OBUF[2]
    U19                  OBUF (Prop_obuf_I_O)         3.501     8.745 r  C_OBUF[2]_inst/O
                         net (fo=0)                   0.000     8.745    C[2]
    U19                                                               r  C[2] (OUT)
  -------------------------------------------------------------------    -------------------

Slack:                    inf
  Source:                 B[0]
                            (input port)
  Destination:            C[0]
                            (output port)
  Path Group:             (none)
  Path Type:              Max at Slow Process Corner
  Data Path Delay:        8.536ns  (logic 5.080ns (59.510%)  route 3.456ns (40.491%))
  Logic Levels:           3  (IBUF=1 LUT2=1 OBUF=1)

    Location             Delay type                Incr(ns)  Path(ns)    Netlist Resource(s)
  -------------------------------------------------------------------    -------------------
    W15                                               0.000     0.000 r  B[0] (IN)
                         net (fo=0)                   0.000     0.000    B[0]
    W15                  IBUF (Prop_ibuf_I_O)         1.451     1.451 r  B_IBUF[0]_inst/O
                         net (fo=4, routed)           1.440     2.891    B_IBUF[0]
    SLICE_X0Y10          LUT2 (Prop_lut2_I1_O)        0.124     3.015 r  C_OBUF[0]_inst_i_1/O
                         net (fo=1, routed)           2.016     5.031    C_OBUF[0]
    U16                  OBUF (Prop_obuf_I_O)         3.505     8.536 r  C_OBUF[0]_inst/O
                         net (fo=0)                   0.000     8.536    C[0]
    U16                                                               r  C[0] (OUT)
  -------------------------------------------------------------------    -------------------





Min Delay Paths
--------------------------------------------------------------------------------------
Slack:                    inf
  Source:                 A[2]
                            (input port)
  Destination:            C[3]
                            (output port)
  Path Group:             (none)
  Path Type:              Min at Fast Process Corner
  Data Path Delay:        2.293ns  (logic 1.487ns (64.859%)  route 0.806ns (35.141%))
  Logic Levels:           3  (IBUF=1 LUT5=1 OBUF=1)

    Location             Delay type                Incr(ns)  Path(ns)    Netlist Resource(s)
  -------------------------------------------------------------------    -------------------
    W16                                               0.000     0.000 r  A[2] (IN)
                         net (fo=0)                   0.000     0.000    A[2]
    W16                  IBUF (Prop_ibuf_I_O)         0.232     0.232 r  A_IBUF[2]_inst/O
                         net (fo=2, routed)           0.368     0.600    A_IBUF[2]
    SLICE_X0Y10          LUT5 (Prop_lut5_I1_O)        0.045     0.645 r  C_OBUF[3]_inst_i_1/O
                         net (fo=1, routed)           0.438     1.082    C_OBUF[3]
    V19                  OBUF (Prop_obuf_I_O)         1.210     2.293 r  C_OBUF[3]_inst/O
                         net (fo=0)                   0.000     2.293    C[3]
    V19                                                               r  C[3] (OUT)
  -------------------------------------------------------------------    -------------------

Slack:                    inf
  Source:                 A[0]
                            (input port)
  Destination:            C[2]
                            (output port)
  Path Group:             (none)
  Path Type:              Min at Fast Process Corner
  Data Path Delay:        2.331ns  (logic 1.468ns (62.980%)  route 0.863ns (37.020%))
  Logic Levels:           3  (IBUF=1 LUT6=1 OBUF=1)

    Location             Delay type                Incr(ns)  Path(ns)    Netlist Resource(s)
  -------------------------------------------------------------------    -------------------
    V17                                               0.000     0.000 r  A[0] (IN)
                         net (fo=0)                   0.000     0.000    A[0]
    V17                  IBUF (Prop_ibuf_I_O)         0.221     0.221 r  A_IBUF[0]_inst/O
                         net (fo=4, routed)           0.366     0.587    A_IBUF[0]
    SLICE_X0Y10          LUT6 (Prop_lut6_I1_O)        0.045     0.632 r  C_OBUF[2]_inst_i_1/O
                         net (fo=1, routed)           0.497     1.129    C_OBUF[2]
    U19                  OBUF (Prop_obuf_I_O)         1.202     2.331 r  C_OBUF[2]_inst/O
                         net (fo=0)                   0.000     2.331    C[2]
    U19                                                               r  C[2] (OUT)
  -------------------------------------------------------------------    -------------------

Slack:                    inf
  Source:                 A[0]
                            (input port)
  Destination:            C[0]
                            (output port)
  Path Group:             (none)
  Path Type:              Min at Fast Process Corner
  Data Path Delay:        2.396ns  (logic 1.472ns (61.421%)  route 0.924ns (38.579%))
  Logic Levels:           3  (IBUF=1 LUT2=1 OBUF=1)

    Location             Delay type                Incr(ns)  Path(ns)    Netlist Resource(s)
  -------------------------------------------------------------------    -------------------
    V17                                               0.000     0.000 r  A[0] (IN)
                         net (fo=0)                   0.000     0.000    A[0]
    V17                  IBUF (Prop_ibuf_I_O)         0.221     0.221 r  A_IBUF[0]_inst/O
                         net (fo=4, routed)           0.445     0.666    A_IBUF[0]
    SLICE_X0Y10          LUT2 (Prop_lut2_I0_O)        0.045     0.711 r  C_OBUF[0]_inst_i_1/O
                         net (fo=1, routed)           0.479     1.190    C_OBUF[0]
    U16                  OBUF (Prop_obuf_I_O)         1.206     2.396 r  C_OBUF[0]_inst/O
                         net (fo=0)                   0.000     2.396    C[0]
    U16                                                               r  C[0] (OUT)
  -------------------------------------------------------------------    -------------------

Slack:                    inf
  Source:                 B[0]
                            (input port)
  Destination:            C[1]
                            (output port)
  Path Group:             (none)
  Path Type:              Min at Fast Process Corner
  Data Path Delay:        2.856ns  (logic 1.559ns (54.609%)  route 1.296ns (45.391%))
  Logic Levels:           3  (IBUF=1 LUT4=1 OBUF=1)

    Location             Delay type                Incr(ns)  Path(ns)    Netlist Resource(s)
  -------------------------------------------------------------------    -------------------
    W15                                               0.000     0.000 r  B[0] (IN)
                         net (fo=0)                   0.000     0.000    B[0]
    W15                  IBUF (Prop_ibuf_I_O)         0.219     0.219 r  B_IBUF[0]_inst/O
                         net (fo=4, routed)           0.428     0.647    B_IBUF[0]
    SLICE_X0Y10          LUT4 (Prop_lut4_I1_O)        0.048     0.695 r  C_OBUF[1]_inst_i_1/O
                         net (fo=1, routed)           0.868     1.563    C_OBUF[1]
    E19                  OBUF (Prop_obuf_I_O)         1.293     2.856 r  C_OBUF[1]_inst/O
                         net (fo=0)                   0.000     2.856    C[1]
    E19                                                               r  C[1] (OUT)
  -------------------------------------------------------------------    -------------------





