
*** Running vivado
    with args -log top.vds -m64 -product Vivado -mode batch -messageDb vivado.pb -notrace -source top.tcl


ECHO est  desactivado.
ECHO est  desactivado.

****** Vivado v2023.1 (64-bit)
  **** SW Build 3865809 on Sun May  7 15:05:29 MDT 2023
  **** IP Build 3864474 on Sun May  7 20:36:21 MDT 2023
  **** SharedData Build 3865790 on Sun May 07 13:33:03 MDT 2023
    ** Copyright 1986-2022 Xilinx, Inc. All Rights Reserved.
    ** Copyright 2022-2023 Advanced Micro Devices, Inc. All Rights Reserved.

source top.tcl -notrace
create_project: Time (s): cpu = 00:00:07 ; elapsed = 00:00:07 . Memory (MB): peak = 450.164 ; gain = 163.418
Command: read_checkpoint -auto_incremental -incremental C:/Vivado_Pr/Practica3_Avanzada/Practica3_Avanzada.srcs/utils_1/imports/synth_1/top.dcp
INFO: [Vivado 12-5825] Read reference checkpoint from C:/Vivado_Pr/Practica3_Avanzada/Practica3_Avanzada.srcs/utils_1/imports/synth_1/top.dcp for incremental synthesis
INFO: [Vivado 12-7989] Please ensure there are no constraint changes
Command: synth_design -top top -part xc7a35tcpg236-1
Starting synth_design
Attempting to get a license for feature 'Synthesis' and/or device 'xc7a35t'
INFO: [Common 17-349] Got license for feature 'Synthesis' and/or device 'xc7a35t'
INFO: [Device 21-403] Loading part xc7a35tcpg236-1
INFO: [Designutils 20-5440] No compile time benefit to using incremental synthesis; A full resynthesis will be run
INFO: [Designutils 20-4379] Flow is switching to default flow due to incremental criteria not met. If you would like to alter this behaviour and have the flow terminate instead, please set the following parameter config_implementation {autoIncr.Synth.RejectBehavior Terminate}
INFO: [Synth 8-7079] Multithreading enabled for synth_design using a maximum of 2 processes.
INFO: [Synth 8-7078] Launching helper process for spawning children vivado processes
INFO: [Synth 8-7075] Helper process launched with PID 3256
---------------------------------------------------------------------------------
Starting RTL Elaboration : Time (s): cpu = 00:00:05 ; elapsed = 00:00:06 . Memory (MB): peak = 1267.195 ; gain = 411.191
---------------------------------------------------------------------------------
INFO: [Synth 8-638] synthesizing module 'top' [C:/Vivado_Pr/Practica3_Avanzada/Practica3_Avanzada.srcs/sources_1/new/top.vhd:42]
	Parameter num_bits bound to: 4 - type: integer 
	Parameter num_entradas bound to: 4 - type: integer 
INFO: [Synth 8-3491] module 'red_iterativa_comparadores' declared at 'C:/Vivado_Pr/Practica3_Avanzada/Practica3_Avanzada.srcs/sources_1/imports/new/red_iterativa_comparadores.vhd:35' bound to instance 'UUT_i' of component 'red_iterativa_comparadores' [C:/Vivado_Pr/Practica3_Avanzada/Practica3_Avanzada.srcs/sources_1/new/top.vhd:58]
INFO: [Synth 8-638] synthesizing module 'red_iterativa_comparadores' [C:/Vivado_Pr/Practica3_Avanzada/Practica3_Avanzada.srcs/sources_1/imports/new/red_iterativa_comparadores.vhd:47]
	Parameter num_bits bound to: 4 - type: integer 
	Parameter num_entradas bound to: 4 - type: integer 
	Parameter n bound to: 4 - type: integer 
INFO: [Synth 8-3491] module 'celda_iter' declared at 'C:/Vivado_Pr/Practica3_Avanzada/Practica3_Avanzada.srcs/sources_1/imports/new/celda_iter.vhd:34' bound to instance 'u' of component 'celda_iter' [C:/Vivado_Pr/Practica3_Avanzada/Practica3_Avanzada.srcs/sources_1/imports/new/red_iterativa_comparadores.vhd:67]
INFO: [Synth 8-638] synthesizing module 'celda_iter' [C:/Vivado_Pr/Practica3_Avanzada/Practica3_Avanzada.srcs/sources_1/imports/new/celda_iter.vhd:44]
	Parameter n bound to: 4 - type: integer 
	Parameter num_bits bound to: 4 - type: integer 
INFO: [Synth 8-3491] module 'comparador' declared at 'C:/Vivado_Pr/Practica3_Avanzada/Practica3_Avanzada.srcs/sources_1/imports/new/comparador.vhd:34' bound to instance 'uc' of component 'comparador' [C:/Vivado_Pr/Practica3_Avanzada/Practica3_Avanzada.srcs/sources_1/imports/new/celda_iter.vhd:55]
INFO: [Synth 8-638] synthesizing module 'comparador' [C:/Vivado_Pr/Practica3_Avanzada/Practica3_Avanzada.srcs/sources_1/imports/new/comparador.vhd:42]
	Parameter num_bits bound to: 4 - type: integer 
INFO: [Synth 8-256] done synthesizing module 'comparador' (0#1) [C:/Vivado_Pr/Practica3_Avanzada/Practica3_Avanzada.srcs/sources_1/imports/new/comparador.vhd:42]
INFO: [Synth 8-256] done synthesizing module 'celda_iter' (0#1) [C:/Vivado_Pr/Practica3_Avanzada/Practica3_Avanzada.srcs/sources_1/imports/new/celda_iter.vhd:44]
	Parameter n bound to: 4 - type: integer 
INFO: [Synth 8-3491] module 'celda_iter' declared at 'C:/Vivado_Pr/Practica3_Avanzada/Practica3_Avanzada.srcs/sources_1/imports/new/celda_iter.vhd:34' bound to instance 'u' of component 'celda_iter' [C:/Vivado_Pr/Practica3_Avanzada/Practica3_Avanzada.srcs/sources_1/imports/new/red_iterativa_comparadores.vhd:67]
	Parameter n bound to: 4 - type: integer 
INFO: [Synth 8-3491] module 'celda_iter' declared at 'C:/Vivado_Pr/Practica3_Avanzada/Practica3_Avanzada.srcs/sources_1/imports/new/celda_iter.vhd:34' bound to instance 'u' of component 'celda_iter' [C:/Vivado_Pr/Practica3_Avanzada/Practica3_Avanzada.srcs/sources_1/imports/new/red_iterativa_comparadores.vhd:67]
INFO: [Synth 8-256] done synthesizing module 'red_iterativa_comparadores' (0#1) [C:/Vivado_Pr/Practica3_Avanzada/Practica3_Avanzada.srcs/sources_1/imports/new/red_iterativa_comparadores.vhd:47]
INFO: [Synth 8-256] done synthesizing module 'top' (0#1) [C:/Vivado_Pr/Practica3_Avanzada/Practica3_Avanzada.srcs/sources_1/new/top.vhd:42]
---------------------------------------------------------------------------------
Finished RTL Elaboration : Time (s): cpu = 00:00:06 ; elapsed = 00:00:08 . Memory (MB): peak = 1357.949 ; gain = 501.945
---------------------------------------------------------------------------------
---------------------------------------------------------------------------------
Start Handling Custom Attributes
---------------------------------------------------------------------------------
---------------------------------------------------------------------------------
Finished Handling Custom Attributes : Time (s): cpu = 00:00:07 ; elapsed = 00:00:08 . Memory (MB): peak = 1357.949 ; gain = 501.945
---------------------------------------------------------------------------------
---------------------------------------------------------------------------------
Finished RTL Optimization Phase 1 : Time (s): cpu = 00:00:07 ; elapsed = 00:00:08 . Memory (MB): peak = 1357.949 ; gain = 501.945
---------------------------------------------------------------------------------
Netlist sorting complete. Time (s): cpu = 00:00:00 ; elapsed = 00:00:00.001 . Memory (MB): peak = 1357.949 ; gain = 0.000
INFO: [Project 1-570] Preparing netlist for logic optimization

Processing XDC Constraints
Initializing timing engine
Parsing XDC File [C:/Vivado_Pr/Practica3_Avanzada/Practica3_Avanzada.srcs/constrs_1/imports/Ficheros accesorios práctica 3 avanzada-20241104/pines_top.xdc]
Finished Parsing XDC File [C:/Vivado_Pr/Practica3_Avanzada/Practica3_Avanzada.srcs/constrs_1/imports/Ficheros accesorios práctica 3 avanzada-20241104/pines_top.xdc]
INFO: [Project 1-236] Implementation specific constraints were found while reading constraint file [C:/Vivado_Pr/Practica3_Avanzada/Practica3_Avanzada.srcs/constrs_1/imports/Ficheros accesorios práctica 3 avanzada-20241104/pines_top.xdc]. These constraints will be ignored for synthesis but will be used in implementation. Impacted constraints are listed in the file [.Xil/top_propImpl.xdc].
Resolution: To avoid this warning, move constraints listed in [.Xil/top_propImpl.xdc] to another XDC file and exclude this new file from synthesis with the used_in_synthesis property (File Properties dialog in GUI) and re-run elaboration/synthesis.
Completed Processing XDC Constraints

Netlist sorting complete. Time (s): cpu = 00:00:00 ; elapsed = 00:00:00 . Memory (MB): peak = 1418.965 ; gain = 0.000
INFO: [Project 1-111] Unisim Transformation Summary:
No Unisim elements were transformed.

Constraint Validation Runtime : Time (s): cpu = 00:00:00 ; elapsed = 00:00:00.002 . Memory (MB): peak = 1418.965 ; gain = 0.000
INFO: [Designutils 20-5440] No compile time benefit to using incremental synthesis; A full resynthesis will be run
INFO: [Designutils 20-4379] Flow is switching to default flow due to incremental criteria not met. If you would like to alter this behaviour and have the flow terminate instead, please set the following parameter config_implementation {autoIncr.Synth.RejectBehavior Terminate}
---------------------------------------------------------------------------------
Finished Constraint Validation : Time (s): cpu = 00:00:14 ; elapsed = 00:00:17 . Memory (MB): peak = 1418.965 ; gain = 562.961
---------------------------------------------------------------------------------
---------------------------------------------------------------------------------
Start Loading Part and Timing Information
---------------------------------------------------------------------------------
Loading part: xc7a35tcpg236-1
---------------------------------------------------------------------------------
Finished Loading Part and Timing Information : Time (s): cpu = 00:00:14 ; elapsed = 00:00:17 . Memory (MB): peak = 1418.965 ; gain = 562.961
---------------------------------------------------------------------------------
---------------------------------------------------------------------------------
Start Applying 'set_property' XDC Constraints
---------------------------------------------------------------------------------
---------------------------------------------------------------------------------
Finished applying 'set_property' XDC Constraints : Time (s): cpu = 00:00:14 ; elapsed = 00:00:17 . Memory (MB): peak = 1418.965 ; gain = 562.961
---------------------------------------------------------------------------------
WARNING: [Synth 8-327] inferring latch for variable 'P_reg' [C:/Vivado_Pr/Practica3_Avanzada/Practica3_Avanzada.srcs/sources_1/new/top.vhd:68]
---------------------------------------------------------------------------------
Finished RTL Optimization Phase 2 : Time (s): cpu = 00:00:15 ; elapsed = 00:00:17 . Memory (MB): peak = 1418.965 ; gain = 562.961
---------------------------------------------------------------------------------
---------------------------------------------------------------------------------
Start RTL Component Statistics 
---------------------------------------------------------------------------------
Detailed RTL Component Info : 
+---Muxes : 
	   2 Input    4 Bit        Muxes := 3     
	   2 Input    2 Bit        Muxes := 1     
	   4 Input    2 Bit        Muxes := 1     
---------------------------------------------------------------------------------
Finished RTL Component Statistics 
---------------------------------------------------------------------------------
---------------------------------------------------------------------------------
Start Part Resource Summary
---------------------------------------------------------------------------------
Part Resources:
DSPs: 90 (col length:60)
BRAMs: 100 (col length: RAMB18 60 RAMB36 30)
---------------------------------------------------------------------------------
Finished Part Resource Summary
---------------------------------------------------------------------------------
---------------------------------------------------------------------------------
Start Cross Boundary and Area Optimization
---------------------------------------------------------------------------------
WARNING: [Synth 8-7080] Parallel synthesis criteria is not met
WARNING: [Synth 8-3917] design top has port G[0] driven by constant 1
WARNING: [Synth 8-3332] Sequential element (P_reg[1]) is unused and will be removed from module top.
WARNING: [Synth 8-3332] Sequential element (P_reg[0]) is unused and will be removed from module top.
---------------------------------------------------------------------------------
Finished Cross Boundary and Area Optimization : Time (s): cpu = 00:00:17 ; elapsed = 00:00:19 . Memory (MB): peak = 1418.965 ; gain = 562.961
---------------------------------------------------------------------------------
---------------------------------------------------------------------------------
Start Applying XDC Timing Constraints
---------------------------------------------------------------------------------
---------------------------------------------------------------------------------
Finished Applying XDC Timing Constraints : Time (s): cpu = 00:00:22 ; elapsed = 00:00:25 . Memory (MB): peak = 1418.965 ; gain = 562.961
---------------------------------------------------------------------------------
---------------------------------------------------------------------------------
Start Timing Optimization
---------------------------------------------------------------------------------
---------------------------------------------------------------------------------
Finished Timing Optimization : Time (s): cpu = 00:00:22 ; elapsed = 00:00:25 . Memory (MB): peak = 1418.965 ; gain = 562.961
---------------------------------------------------------------------------------
---------------------------------------------------------------------------------
Start Technology Mapping
---------------------------------------------------------------------------------
---------------------------------------------------------------------------------
Finished Technology Mapping : Time (s): cpu = 00:00:22 ; elapsed = 00:00:25 . Memory (MB): peak = 1418.965 ; gain = 562.961
---------------------------------------------------------------------------------
---------------------------------------------------------------------------------
Start IO Insertion
---------------------------------------------------------------------------------
---------------------------------------------------------------------------------
Start Flattening Before IO Insertion
---------------------------------------------------------------------------------
---------------------------------------------------------------------------------
Finished Flattening Before IO Insertion
---------------------------------------------------------------------------------
---------------------------------------------------------------------------------
Start Final Netlist Cleanup
---------------------------------------------------------------------------------
---------------------------------------------------------------------------------
Finished Final Netlist Cleanup
---------------------------------------------------------------------------------
---------------------------------------------------------------------------------
Finished IO Insertion : Time (s): cpu = 00:00:27 ; elapsed = 00:00:32 . Memory (MB): peak = 1418.965 ; gain = 562.961
---------------------------------------------------------------------------------
---------------------------------------------------------------------------------
Start Renaming Generated Instances
---------------------------------------------------------------------------------
---------------------------------------------------------------------------------
Finished Renaming Generated Instances : Time (s): cpu = 00:00:27 ; elapsed = 00:00:32 . Memory (MB): peak = 1418.965 ; gain = 562.961
---------------------------------------------------------------------------------
---------------------------------------------------------------------------------
Start Rebuilding User Hierarchy
---------------------------------------------------------------------------------
---------------------------------------------------------------------------------
Finished Rebuilding User Hierarchy : Time (s): cpu = 00:00:27 ; elapsed = 00:00:32 . Memory (MB): peak = 1418.965 ; gain = 562.961
---------------------------------------------------------------------------------
---------------------------------------------------------------------------------
Start Renaming Generated Ports
---------------------------------------------------------------------------------
---------------------------------------------------------------------------------
Finished Renaming Generated Ports : Time (s): cpu = 00:00:27 ; elapsed = 00:00:32 . Memory (MB): peak = 1418.965 ; gain = 562.961
---------------------------------------------------------------------------------
---------------------------------------------------------------------------------
Start Handling Custom Attributes
---------------------------------------------------------------------------------
---------------------------------------------------------------------------------
Finished Handling Custom Attributes : Time (s): cpu = 00:00:27 ; elapsed = 00:00:32 . Memory (MB): peak = 1418.965 ; gain = 562.961
---------------------------------------------------------------------------------
---------------------------------------------------------------------------------
Start Renaming Generated Nets
---------------------------------------------------------------------------------
---------------------------------------------------------------------------------
Finished Renaming Generated Nets : Time (s): cpu = 00:00:27 ; elapsed = 00:00:32 . Memory (MB): peak = 1418.965 ; gain = 562.961
---------------------------------------------------------------------------------
---------------------------------------------------------------------------------
Start Writing Synthesis Report
---------------------------------------------------------------------------------

Report BlackBoxes: 
+-+--------------+----------+
| |BlackBox name |Instances |
+-+--------------+----------+
+-+--------------+----------+

Report Cell Usage: 
+------+-----+------+
|      |Cell |Count |
+------+-----+------+
|1     |LUT2 |     1|
|2     |LUT3 |     2|
|3     |LUT4 |     2|
|4     |LUT5 |    10|
|5     |LUT6 |     6|
|6     |IBUF |    16|
|7     |OBUF |     9|
+------+-----+------+
---------------------------------------------------------------------------------
Finished Writing Synthesis Report : Time (s): cpu = 00:00:27 ; elapsed = 00:00:32 . Memory (MB): peak = 1418.965 ; gain = 562.961
---------------------------------------------------------------------------------
Synthesis finished with 0 errors, 0 critical warnings and 5 warnings.
Synthesis Optimization Runtime : Time (s): cpu = 00:00:20 ; elapsed = 00:00:30 . Memory (MB): peak = 1418.965 ; gain = 501.945
Synthesis Optimization Complete : Time (s): cpu = 00:00:28 ; elapsed = 00:00:32 . Memory (MB): peak = 1418.965 ; gain = 562.961
INFO: [Project 1-571] Translating synthesized netlist
Netlist sorting complete. Time (s): cpu = 00:00:00 ; elapsed = 00:00:00 . Memory (MB): peak = 1418.965 ; gain = 0.000
INFO: [Project 1-570] Preparing netlist for logic optimization
INFO: [Opt 31-138] Pushed 0 inverter(s) to 0 load pin(s).
Netlist sorting complete. Time (s): cpu = 00:00:00 ; elapsed = 00:00:00 . Memory (MB): peak = 1418.965 ; gain = 0.000
INFO: [Project 1-111] Unisim Transformation Summary:
No Unisim elements were transformed.

Synth Design complete | Checksum: d801d26e
INFO: [Common 17-83] Releasing license: Synthesis
32 Infos, 5 Warnings, 0 Critical Warnings and 0 Errors encountered.
synth_design completed successfully
synth_design: Time (s): cpu = 00:00:32 ; elapsed = 00:00:44 . Memory (MB): peak = 1418.965 ; gain = 944.895
INFO: [Common 17-1381] The checkpoint 'C:/Vivado_Pr/Practica3_Avanzada/Practica3_Avanzada.runs/synth_1/top.dcp' has been generated.
INFO: [runtcl-4] Executing : report_utilization -file top_utilization_synth.rpt -pb top_utilization_synth.pb
INFO: [Common 17-206] Exiting Vivado at Thu Nov  7 17:31:47 2024...
