
*** Running vivado
    with args -log sintesis_tragaperras.vds -m64 -product Vivado -mode batch -messageDb vivado.pb -notrace -source sintesis_tragaperras.tcl


ECHO est  desactivado.
ECHO est  desactivado.

****** Vivado v2023.1 (64-bit)
  **** SW Build 3865809 on Sun May  7 15:05:29 MDT 2023
  **** IP Build 3864474 on Sun May  7 20:36:21 MDT 2023
  **** SharedData Build 3865790 on Sun May 07 13:33:03 MDT 2023
    ** Copyright 1986-2022 Xilinx, Inc. All Rights Reserved.
    ** Copyright 2022-2023 Advanced Micro Devices, Inc. All Rights Reserved.

source sintesis_tragaperras.tcl -notrace
create_project: Time (s): cpu = 00:00:06 ; elapsed = 00:00:06 . Memory (MB): peak = 450.191 ; gain = 164.840
Command: read_checkpoint -auto_incremental -incremental C:/Vivado_Pr/Practica_5/Practica_5.srcs/utils_1/imports/synth_1/sintesis_tragaperras.dcp
INFO: [Vivado 12-5825] Read reference checkpoint from C:/Vivado_Pr/Practica_5/Practica_5.srcs/utils_1/imports/synth_1/sintesis_tragaperras.dcp for incremental synthesis
INFO: [Vivado 12-7989] Please ensure there are no constraint changes
Command: synth_design -top sintesis_tragaperras -part xc7a35tcpg236-1
Starting synth_design
Attempting to get a license for feature 'Synthesis' and/or device 'xc7a35t'
INFO: [Common 17-349] Got license for feature 'Synthesis' and/or device 'xc7a35t'
INFO: [Device 21-403] Loading part xc7a35tcpg236-1
INFO: [Designutils 20-5440] No compile time benefit to using incremental synthesis; A full resynthesis will be run
INFO: [Designutils 20-4379] Flow is switching to default flow due to incremental criteria not met. If you would like to alter this behaviour and have the flow terminate instead, please set the following parameter config_implementation {autoIncr.Synth.RejectBehavior Terminate}
INFO: [Synth 8-7079] Multithreading enabled for synth_design using a maximum of 2 processes.
INFO: [Synth 8-7078] Launching helper process for spawning children vivado processes
INFO: [Synth 8-7075] Helper process launched with PID 5992
---------------------------------------------------------------------------------
Starting RTL Elaboration : Time (s): cpu = 00:00:05 ; elapsed = 00:00:06 . Memory (MB): peak = 1266.242 ; gain = 411.461
---------------------------------------------------------------------------------
INFO: [Synth 8-638] synthesizing module 'sintesis_tragaperras' [C:/Vivado_Pr/Practica_5/Practica_5.srcs/sources_1/imports/Ficheros máquina tragaperras-20241206/sintesis_tragaperras.vhd:18]
INFO: [Synth 8-3491] module 'debouncer' declared at 'C:/Vivado_Pr/Practica_5/Practica_5.srcs/sources_1/imports/Ficheros máquina tragaperras-20241206/debouncer.vhd:5' bound to instance 'debouncerInsts_displayce1' of component 'debouncer' [C:/Vivado_Pr/Practica_5/Practica_5.srcs/sources_1/imports/Ficheros máquina tragaperras-20241206/sintesis_tragaperras.vhd:65]
INFO: [Synth 8-638] synthesizing module 'debouncer' [C:/Vivado_Pr/Practica_5/Practica_5.srcs/sources_1/imports/Ficheros máquina tragaperras-20241206/debouncer.vhd:16]
INFO: [Synth 8-256] done synthesizing module 'debouncer' (0#1) [C:/Vivado_Pr/Practica_5/Practica_5.srcs/sources_1/imports/Ficheros máquina tragaperras-20241206/debouncer.vhd:16]
INFO: [Synth 8-3491] module 'debouncer' declared at 'C:/Vivado_Pr/Practica_5/Practica_5.srcs/sources_1/imports/Ficheros máquina tragaperras-20241206/debouncer.vhd:5' bound to instance 'debouncerInsts_displayce2' of component 'debouncer' [C:/Vivado_Pr/Practica_5/Practica_5.srcs/sources_1/imports/Ficheros máquina tragaperras-20241206/sintesis_tragaperras.vhd:66]
INFO: [Synth 8-3491] module 'tragaperras' declared at 'C:/Vivado_Pr/Practica_5/Practica_5.srcs/sources_1/new/tragaperras.vhd:34' bound to instance 'tragaperrasInsts_displayce' of component 'tragaperras' [C:/Vivado_Pr/Practica_5/Practica_5.srcs/sources_1/imports/Ficheros máquina tragaperras-20241206/sintesis_tragaperras.vhd:67]
INFO: [Synth 8-638] synthesizing module 'tragaperras' [C:/Vivado_Pr/Practica_5/Practica_5.srcs/sources_1/new/tragaperras.vhd:46]
INFO: [Synth 8-3491] module 'control' declared at 'C:/Vivado_Pr/Practica_5/Practica_5.srcs/sources_1/new/control.vhd:34' bound to instance 'ControllerInst' of component 'control' [C:/Vivado_Pr/Practica_5/Practica_5.srcs/sources_1/new/tragaperras.vhd:72]
INFO: [Synth 8-638] synthesizing module 'control' [C:/Vivado_Pr/Practica_5/Practica_5.srcs/sources_1/new/control.vhd:44]
INFO: [Synth 8-256] done synthesizing module 'control' (0#1) [C:/Vivado_Pr/Practica_5/Practica_5.srcs/sources_1/new/control.vhd:44]
INFO: [Synth 8-3491] module 'data_path' declared at 'C:/Vivado_Pr/Practica_5/Practica_5.srcs/sources_1/new/data_path.vhd:34' bound to instance 'DataPath' of component 'data_path' [C:/Vivado_Pr/Practica_5/Practica_5.srcs/sources_1/new/tragaperras.vhd:82]
INFO: [Synth 8-638] synthesizing module 'data_path' [C:/Vivado_Pr/Practica_5/Practica_5.srcs/sources_1/new/data_path.vhd:45]
INFO: [Synth 8-226] default block is never used [C:/Vivado_Pr/Practica_5/Practica_5.srcs/sources_1/new/data_path.vhd:145]
INFO: [Synth 8-3491] module 'RegAtraer' declared at 'C:/Vivado_Pr/Practica_5/Practica_5.srcs/sources_1/new/RegAtraer.vhd:34' bound to instance 'AtraerInst' of component 'RegAtraer' [C:/Vivado_Pr/Practica_5/Practica_5.srcs/sources_1/new/data_path.vhd:153]
INFO: [Synth 8-638] synthesizing module 'RegAtraer' [C:/Vivado_Pr/Practica_5/Practica_5.srcs/sources_1/new/RegAtraer.vhd:41]
INFO: [Synth 8-256] done synthesizing module 'RegAtraer' (0#1) [C:/Vivado_Pr/Practica_5/Practica_5.srcs/sources_1/new/RegAtraer.vhd:41]
INFO: [Synth 8-3491] module 'RegPerder' declared at 'C:/Vivado_Pr/Practica_5/Practica_5.srcs/sources_1/new/RegPerder.vhd:34' bound to instance 'PerderInst' of component 'RegPerder' [C:/Vivado_Pr/Practica_5/Practica_5.srcs/sources_1/new/data_path.vhd:160]
INFO: [Synth 8-638] synthesizing module 'RegPerder' [C:/Vivado_Pr/Practica_5/Practica_5.srcs/sources_1/new/RegPerder.vhd:42]
INFO: [Synth 8-3491] module 'biestable' declared at 'C:/Vivado_Pr/Practica_5/Practica_5.srcs/sources_1/new/biestabl.vhd:34' bound to instance 'biestable1' of component 'biestable' [C:/Vivado_Pr/Practica_5/Practica_5.srcs/sources_1/new/RegPerder.vhd:55]
INFO: [Synth 8-638] synthesizing module 'biestable' [C:/Vivado_Pr/Practica_5/Practica_5.srcs/sources_1/new/biestabl.vhd:41]
INFO: [Synth 8-256] done synthesizing module 'biestable' (0#1) [C:/Vivado_Pr/Practica_5/Practica_5.srcs/sources_1/new/biestabl.vhd:41]
INFO: [Synth 8-256] done synthesizing module 'RegPerder' (0#1) [C:/Vivado_Pr/Practica_5/Practica_5.srcs/sources_1/new/RegPerder.vhd:42]
INFO: [Synth 8-3491] module 'RegWin' declared at 'C:/Vivado_Pr/Practica_5/Practica_5.srcs/sources_1/new/RegWin.vhd:34' bound to instance 'GanarInst' of component 'RegWin' [C:/Vivado_Pr/Practica_5/Practica_5.srcs/sources_1/new/data_path.vhd:167]
INFO: [Synth 8-638] synthesizing module 'RegWin' [C:/Vivado_Pr/Practica_5/Practica_5.srcs/sources_1/new/RegWin.vhd:41]
INFO: [Synth 8-3491] module 'biestable' declared at 'C:/Vivado_Pr/Practica_5/Practica_5.srcs/sources_1/new/biestabl.vhd:34' bound to instance 'biestable1' of component 'biestable' [C:/Vivado_Pr/Practica_5/Practica_5.srcs/sources_1/new/RegWin.vhd:53]
INFO: [Synth 8-256] done synthesizing module 'RegWin' (0#1) [C:/Vivado_Pr/Practica_5/Practica_5.srcs/sources_1/new/RegWin.vhd:41]
INFO: [Synth 8-3491] module 'divisor2HZ' declared at 'C:/Vivado_Pr/Practica_5/Practica_5.srcs/sources_1/new/divisor2HZ.vhd:17' bound to instance 'Divisor2HZInst' of component 'divisor2HZ' [C:/Vivado_Pr/Practica_5/Practica_5.srcs/sources_1/new/data_path.vhd:174]
INFO: [Synth 8-638] synthesizing module 'divisor2HZ' [C:/Vivado_Pr/Practica_5/Practica_5.srcs/sources_1/new/divisor2HZ.vhd:25]
INFO: [Synth 8-256] done synthesizing module 'divisor2HZ' (0#1) [C:/Vivado_Pr/Practica_5/Practica_5.srcs/sources_1/new/divisor2HZ.vhd:25]
INFO: [Synth 8-3491] module 'divisor250HZ' declared at 'C:/Vivado_Pr/Practica_5/Practica_5.srcs/sources_1/new/divisor250HZ.vhd:17' bound to instance 'Divisor250HZInst' of component 'divisor250HZ' [C:/Vivado_Pr/Practica_5/Practica_5.srcs/sources_1/new/data_path.vhd:181]
INFO: [Synth 8-638] synthesizing module 'divisor250HZ' [C:/Vivado_Pr/Practica_5/Practica_5.srcs/sources_1/new/divisor250HZ.vhd:25]
INFO: [Synth 8-256] done synthesizing module 'divisor250HZ' (0#1) [C:/Vivado_Pr/Practica_5/Practica_5.srcs/sources_1/new/divisor250HZ.vhd:25]
INFO: [Synth 8-3491] module 'divisor100HZ' declared at 'C:/Vivado_Pr/Practica_5/Practica_5.srcs/sources_1/new/divisor100HZ.vhd:17' bound to instance 'Divisor100HZInst' of component 'divisor100HZ' [C:/Vivado_Pr/Practica_5/Practica_5.srcs/sources_1/new/data_path.vhd:188]
INFO: [Synth 8-638] synthesizing module 'divisor100HZ' [C:/Vivado_Pr/Practica_5/Practica_5.srcs/sources_1/new/divisor100HZ.vhd:25]
INFO: [Synth 8-256] done synthesizing module 'divisor100HZ' (0#1) [C:/Vivado_Pr/Practica_5/Practica_5.srcs/sources_1/new/divisor100HZ.vhd:25]
INFO: [Synth 8-3491] module 'contador' declared at 'C:/Vivado_Pr/Practica_5/Practica_5.srcs/sources_1/new/contador.vhd:34' bound to instance 'Contador5Segundos' of component 'Contador' [C:/Vivado_Pr/Practica_5/Practica_5.srcs/sources_1/new/data_path.vhd:194]
INFO: [Synth 8-638] synthesizing module 'contador' [C:/Vivado_Pr/Practica_5/Practica_5.srcs/sources_1/new/contador.vhd:45]
INFO: [Synth 8-256] done synthesizing module 'contador' (0#1) [C:/Vivado_Pr/Practica_5/Practica_5.srcs/sources_1/new/contador.vhd:45]
INFO: [Synth 8-3491] module 'contador' declared at 'C:/Vivado_Pr/Practica_5/Practica_5.srcs/sources_1/new/contador.vhd:34' bound to instance 'Contador100HZ' of component 'Contador' [C:/Vivado_Pr/Practica_5/Practica_5.srcs/sources_1/new/data_path.vhd:203]
INFO: [Synth 8-3491] module 'contador' declared at 'C:/Vivado_Pr/Practica_5/Practica_5.srcs/sources_1/new/contador.vhd:34' bound to instance 'Contador250HZ' of component 'Contador' [C:/Vivado_Pr/Practica_5/Practica_5.srcs/sources_1/new/data_path.vhd:212]
	Parameter num_bits bound to: 4 - type: integer 
INFO: [Synth 8-3491] module 'comparador' declared at 'C:/Vivado_Pr/Practica_5/Practica_5.srcs/sources_1/imports/new/comparador.vhd:34' bound to instance 'Comparador5s' of component 'comparador' [C:/Vivado_Pr/Practica_5/Practica_5.srcs/sources_1/new/data_path.vhd:221]
INFO: [Synth 8-638] synthesizing module 'comparador' [C:/Vivado_Pr/Practica_5/Practica_5.srcs/sources_1/imports/new/comparador.vhd:42]
	Parameter num_bits bound to: 4 - type: integer 
INFO: [Synth 8-256] done synthesizing module 'comparador' (0#1) [C:/Vivado_Pr/Practica_5/Practica_5.srcs/sources_1/imports/new/comparador.vhd:42]
	Parameter num_bits bound to: 4 - type: integer 
INFO: [Synth 8-3491] module 'comparador' declared at 'C:/Vivado_Pr/Practica_5/Practica_5.srcs/sources_1/imports/new/comparador.vhd:34' bound to instance 'ComparadorGanar' of component 'comparador' [C:/Vivado_Pr/Practica_5/Practica_5.srcs/sources_1/new/data_path.vhd:227]
INFO: [Synth 8-256] done synthesizing module 'data_path' (0#1) [C:/Vivado_Pr/Practica_5/Practica_5.srcs/sources_1/new/data_path.vhd:45]
INFO: [Synth 8-256] done synthesizing module 'tragaperras' (0#1) [C:/Vivado_Pr/Practica_5/Practica_5.srcs/sources_1/new/tragaperras.vhd:46]
INFO: [Synth 8-3491] module 'displays' declared at 'C:/Vivado_Pr/Practica_5/Practica_5.srcs/sources_1/imports/Ficheros máquina tragaperras-20241206/displays.vhd:7' bound to instance 'displays_inst' of component 'displays' [C:/Vivado_Pr/Practica_5/Practica_5.srcs/sources_1/imports/Ficheros máquina tragaperras-20241206/sintesis_tragaperras.vhd:70]
INFO: [Synth 8-638] synthesizing module 'displays' [C:/Vivado_Pr/Practica_5/Practica_5.srcs/sources_1/imports/Ficheros máquina tragaperras-20241206/displays.vhd:20]
INFO: [Synth 8-3491] module 'conv_7seg' declared at 'C:/Vivado_Pr/Practica_5/Practica_5.srcs/sources_1/imports/Ficheros máquina tragaperras-20241206/conv_7seg.vhd:32' bound to instance 'conv_7seg_digito_0' of component 'conv_7seg' [C:/Vivado_Pr/Practica_5/Practica_5.srcs/sources_1/imports/Ficheros máquina tragaperras-20241206/displays.vhd:36]
INFO: [Synth 8-638] synthesizing module 'conv_7seg' [C:/Vivado_Pr/Practica_5/Practica_5.srcs/sources_1/imports/Ficheros máquina tragaperras-20241206/conv_7seg.vhd:37]
INFO: [Synth 8-256] done synthesizing module 'conv_7seg' (0#1) [C:/Vivado_Pr/Practica_5/Practica_5.srcs/sources_1/imports/Ficheros máquina tragaperras-20241206/conv_7seg.vhd:37]
INFO: [Synth 8-3491] module 'conv_7seg' declared at 'C:/Vivado_Pr/Practica_5/Practica_5.srcs/sources_1/imports/Ficheros máquina tragaperras-20241206/conv_7seg.vhd:32' bound to instance 'conv_7seg_digito_1' of component 'conv_7seg' [C:/Vivado_Pr/Practica_5/Practica_5.srcs/sources_1/imports/Ficheros máquina tragaperras-20241206/displays.vhd:37]
INFO: [Synth 8-3491] module 'conv_7seg' declared at 'C:/Vivado_Pr/Practica_5/Practica_5.srcs/sources_1/imports/Ficheros máquina tragaperras-20241206/conv_7seg.vhd:32' bound to instance 'conv_7seg_digito_2' of component 'conv_7seg' [C:/Vivado_Pr/Practica_5/Practica_5.srcs/sources_1/imports/Ficheros máquina tragaperras-20241206/displays.vhd:38]
INFO: [Synth 8-3491] module 'conv_7seg' declared at 'C:/Vivado_Pr/Practica_5/Practica_5.srcs/sources_1/imports/Ficheros máquina tragaperras-20241206/conv_7seg.vhd:32' bound to instance 'conv_7seg_digito_3' of component 'conv_7seg' [C:/Vivado_Pr/Practica_5/Practica_5.srcs/sources_1/imports/Ficheros máquina tragaperras-20241206/displays.vhd:39]
INFO: [Synth 8-256] done synthesizing module 'displays' (0#1) [C:/Vivado_Pr/Practica_5/Practica_5.srcs/sources_1/imports/Ficheros máquina tragaperras-20241206/displays.vhd:20]
INFO: [Synth 8-256] done synthesizing module 'sintesis_tragaperras' (0#1) [C:/Vivado_Pr/Practica_5/Practica_5.srcs/sources_1/imports/Ficheros máquina tragaperras-20241206/sintesis_tragaperras.vhd:18]
---------------------------------------------------------------------------------
Finished RTL Elaboration : Time (s): cpu = 00:00:07 ; elapsed = 00:00:09 . Memory (MB): peak = 1357.668 ; gain = 502.887
---------------------------------------------------------------------------------
---------------------------------------------------------------------------------
Start Handling Custom Attributes
---------------------------------------------------------------------------------
---------------------------------------------------------------------------------
Finished Handling Custom Attributes : Time (s): cpu = 00:00:07 ; elapsed = 00:00:09 . Memory (MB): peak = 1357.668 ; gain = 502.887
---------------------------------------------------------------------------------
---------------------------------------------------------------------------------
Finished RTL Optimization Phase 1 : Time (s): cpu = 00:00:07 ; elapsed = 00:00:09 . Memory (MB): peak = 1357.668 ; gain = 502.887
---------------------------------------------------------------------------------
Netlist sorting complete. Time (s): cpu = 00:00:00 ; elapsed = 00:00:00.004 . Memory (MB): peak = 1357.668 ; gain = 0.000
INFO: [Project 1-570] Preparing netlist for logic optimization

Processing XDC Constraints
Initializing timing engine
Parsing XDC File [C:/Vivado_Pr/Practica_5/Practica_5.srcs/constrs_1/imports/Ficheros máquina tragaperras-20241206/Basys3_Master.xdc]
Finished Parsing XDC File [C:/Vivado_Pr/Practica_5/Practica_5.srcs/constrs_1/imports/Ficheros máquina tragaperras-20241206/Basys3_Master.xdc]
INFO: [Project 1-236] Implementation specific constraints were found while reading constraint file [C:/Vivado_Pr/Practica_5/Practica_5.srcs/constrs_1/imports/Ficheros máquina tragaperras-20241206/Basys3_Master.xdc]. These constraints will be ignored for synthesis but will be used in implementation. Impacted constraints are listed in the file [.Xil/sintesis_tragaperras_propImpl.xdc].
Resolution: To avoid this warning, move constraints listed in [.Xil/sintesis_tragaperras_propImpl.xdc] to another XDC file and exclude this new file from synthesis with the used_in_synthesis property (File Properties dialog in GUI) and re-run elaboration/synthesis.
Completed Processing XDC Constraints

Netlist sorting complete. Time (s): cpu = 00:00:00 ; elapsed = 00:00:00 . Memory (MB): peak = 1451.055 ; gain = 0.000
INFO: [Project 1-111] Unisim Transformation Summary:
No Unisim elements were transformed.

Constraint Validation Runtime : Time (s): cpu = 00:00:00 ; elapsed = 00:00:00.005 . Memory (MB): peak = 1451.055 ; gain = 0.000
INFO: [Designutils 20-5440] No compile time benefit to using incremental synthesis; A full resynthesis will be run
INFO: [Designutils 20-4379] Flow is switching to default flow due to incremental criteria not met. If you would like to alter this behaviour and have the flow terminate instead, please set the following parameter config_implementation {autoIncr.Synth.RejectBehavior Terminate}
---------------------------------------------------------------------------------
Finished Constraint Validation : Time (s): cpu = 00:00:14 ; elapsed = 00:00:17 . Memory (MB): peak = 1451.055 ; gain = 596.273
---------------------------------------------------------------------------------
---------------------------------------------------------------------------------
Start Loading Part and Timing Information
---------------------------------------------------------------------------------
Loading part: xc7a35tcpg236-1
---------------------------------------------------------------------------------
Finished Loading Part and Timing Information : Time (s): cpu = 00:00:14 ; elapsed = 00:00:17 . Memory (MB): peak = 1451.055 ; gain = 596.273
---------------------------------------------------------------------------------
---------------------------------------------------------------------------------
Start Applying 'set_property' XDC Constraints
---------------------------------------------------------------------------------
---------------------------------------------------------------------------------
Finished applying 'set_property' XDC Constraints : Time (s): cpu = 00:00:14 ; elapsed = 00:00:17 . Memory (MB): peak = 1451.055 ; gain = 596.273
---------------------------------------------------------------------------------
INFO: [Synth 8-802] inferred FSM for state register 'controller.state_reg' in module 'debouncer'
INFO: [Synth 8-802] inferred FSM for state register 'STATE_reg' in module 'control'
---------------------------------------------------------------------------------------------------
                   State |                     New Encoding |                Previous Encoding 
---------------------------------------------------------------------------------------------------
         waitingpression |                               00 |                               00
      pressiondebouncing |                               01 |                               01
       waitingdepression |                               10 |                               10
    depressiondebouncing |                               11 |                               11
---------------------------------------------------------------------------------------------------
INFO: [Synth 8-3354] encoded FSM with state register 'controller.state_reg' using encoding 'sequential' in module 'debouncer'
---------------------------------------------------------------------------------------------------
                   State |                     New Encoding |                Previous Encoding 
---------------------------------------------------------------------------------------------------
                      s0 |                            00001 |                              000
                      s1 |                            00010 |                              001
                      s2 |                            00100 |                              010
                      s3 |                            01000 |                              011
                      s4 |                            10000 |                              100
---------------------------------------------------------------------------------------------------
INFO: [Synth 8-3354] encoded FSM with state register 'STATE_reg' using encoding 'one-hot' in module 'control'
---------------------------------------------------------------------------------
Finished RTL Optimization Phase 2 : Time (s): cpu = 00:00:14 ; elapsed = 00:00:17 . Memory (MB): peak = 1451.055 ; gain = 596.273
---------------------------------------------------------------------------------
---------------------------------------------------------------------------------
Start RTL Component Statistics 
---------------------------------------------------------------------------------
Detailed RTL Component Info : 
+---Adders : 
	   2 Input    4 Bit       Adders := 3     
+---Registers : 
	               16 Bit    Registers := 1     
	                4 Bit    Registers := 3     
	                1 Bit    Registers := 9     
+---Muxes : 
	   4 Input   16 Bit        Muxes := 1     
	   4 Input    7 Bit        Muxes := 1     
	   5 Input    6 Bit        Muxes := 1     
	   5 Input    5 Bit        Muxes := 1     
	   2 Input    5 Bit        Muxes := 5     
	   2 Input    4 Bit        Muxes := 6     
	   4 Input    4 Bit        Muxes := 1     
	   4 Input    2 Bit        Muxes := 2     
	   2 Input    2 Bit        Muxes := 8     
	   2 Input    1 Bit        Muxes := 5     
	   4 Input    1 Bit        Muxes := 8     
---------------------------------------------------------------------------------
Finished RTL Component Statistics 
---------------------------------------------------------------------------------
---------------------------------------------------------------------------------
Start Part Resource Summary
---------------------------------------------------------------------------------
Part Resources:
DSPs: 90 (col length:60)
BRAMs: 100 (col length: RAMB18 60 RAMB36 30)
---------------------------------------------------------------------------------
Finished Part Resource Summary
---------------------------------------------------------------------------------
---------------------------------------------------------------------------------
Start Cross Boundary and Area Optimization
---------------------------------------------------------------------------------
WARNING: [Synth 8-7080] Parallel synthesis criteria is not met
---------------------------------------------------------------------------------
Finished Cross Boundary and Area Optimization : Time (s): cpu = 00:00:17 ; elapsed = 00:00:20 . Memory (MB): peak = 1451.055 ; gain = 596.273
---------------------------------------------------------------------------------
---------------------------------------------------------------------------------
Start Applying XDC Timing Constraints
---------------------------------------------------------------------------------
---------------------------------------------------------------------------------
Finished Applying XDC Timing Constraints : Time (s): cpu = 00:00:22 ; elapsed = 00:00:26 . Memory (MB): peak = 1451.055 ; gain = 596.273
---------------------------------------------------------------------------------
---------------------------------------------------------------------------------
Start Timing Optimization
---------------------------------------------------------------------------------
---------------------------------------------------------------------------------
Finished Timing Optimization : Time (s): cpu = 00:00:23 ; elapsed = 00:00:26 . Memory (MB): peak = 1451.055 ; gain = 596.273
---------------------------------------------------------------------------------
---------------------------------------------------------------------------------
Start Technology Mapping
---------------------------------------------------------------------------------
---------------------------------------------------------------------------------
Finished Technology Mapping : Time (s): cpu = 00:00:23 ; elapsed = 00:00:27 . Memory (MB): peak = 1451.055 ; gain = 596.273
---------------------------------------------------------------------------------
---------------------------------------------------------------------------------
Start IO Insertion
---------------------------------------------------------------------------------
---------------------------------------------------------------------------------
Start Flattening Before IO Insertion
---------------------------------------------------------------------------------
---------------------------------------------------------------------------------
Finished Flattening Before IO Insertion
---------------------------------------------------------------------------------
---------------------------------------------------------------------------------
Start Final Netlist Cleanup
---------------------------------------------------------------------------------
---------------------------------------------------------------------------------
Finished Final Netlist Cleanup
---------------------------------------------------------------------------------
---------------------------------------------------------------------------------
Finished IO Insertion : Time (s): cpu = 00:00:27 ; elapsed = 00:00:31 . Memory (MB): peak = 1451.055 ; gain = 596.273
---------------------------------------------------------------------------------
---------------------------------------------------------------------------------
Start Renaming Generated Instances
---------------------------------------------------------------------------------
---------------------------------------------------------------------------------
Finished Renaming Generated Instances : Time (s): cpu = 00:00:27 ; elapsed = 00:00:31 . Memory (MB): peak = 1451.055 ; gain = 596.273
---------------------------------------------------------------------------------
---------------------------------------------------------------------------------
Start Rebuilding User Hierarchy
---------------------------------------------------------------------------------
---------------------------------------------------------------------------------
Finished Rebuilding User Hierarchy : Time (s): cpu = 00:00:27 ; elapsed = 00:00:31 . Memory (MB): peak = 1451.055 ; gain = 596.273
---------------------------------------------------------------------------------
---------------------------------------------------------------------------------
Start Renaming Generated Ports
---------------------------------------------------------------------------------
---------------------------------------------------------------------------------
Finished Renaming Generated Ports : Time (s): cpu = 00:00:27 ; elapsed = 00:00:31 . Memory (MB): peak = 1451.055 ; gain = 596.273
---------------------------------------------------------------------------------
---------------------------------------------------------------------------------
Start Handling Custom Attributes
---------------------------------------------------------------------------------
---------------------------------------------------------------------------------
Finished Handling Custom Attributes : Time (s): cpu = 00:00:27 ; elapsed = 00:00:31 . Memory (MB): peak = 1451.055 ; gain = 596.273
---------------------------------------------------------------------------------
---------------------------------------------------------------------------------
Start Renaming Generated Nets
---------------------------------------------------------------------------------
---------------------------------------------------------------------------------
Finished Renaming Generated Nets : Time (s): cpu = 00:00:27 ; elapsed = 00:00:31 . Memory (MB): peak = 1451.055 ; gain = 596.273
---------------------------------------------------------------------------------
---------------------------------------------------------------------------------
Start Writing Synthesis Report
---------------------------------------------------------------------------------

Report BlackBoxes: 
+-+--------------+----------+
| |BlackBox name |Instances |
+-+--------------+----------+
+-+--------------+----------+

Report Cell Usage: 
+------+-------+------+
|      |Cell   |Count |
+------+-------+------+
|1     |BUFG   |     1|
|2     |CARRY4 |    32|
|3     |LUT1   |    19|
|4     |LUT2   |    36|
|5     |LUT3   |     6|
|6     |LUT4   |    61|
|7     |LUT5   |    42|
|8     |LUT6   |    51|
|9     |FDCE   |   129|
|10    |FDPE   |    20|
|11    |FDRE   |    24|
|12    |FDSE   |     1|
|13    |IBUF   |     4|
|14    |OBUF   |    27|
+------+-------+------+
---------------------------------------------------------------------------------
Finished Writing Synthesis Report : Time (s): cpu = 00:00:27 ; elapsed = 00:00:31 . Memory (MB): peak = 1451.055 ; gain = 596.273
---------------------------------------------------------------------------------
Synthesis finished with 0 errors, 0 critical warnings and 1 warnings.
Synthesis Optimization Runtime : Time (s): cpu = 00:00:19 ; elapsed = 00:00:29 . Memory (MB): peak = 1451.055 ; gain = 502.887
Synthesis Optimization Complete : Time (s): cpu = 00:00:28 ; elapsed = 00:00:31 . Memory (MB): peak = 1451.055 ; gain = 596.273
INFO: [Project 1-571] Translating synthesized netlist
Netlist sorting complete. Time (s): cpu = 00:00:00 ; elapsed = 00:00:00.004 . Memory (MB): peak = 1451.055 ; gain = 0.000
INFO: [Netlist 29-17] Analyzing 32 Unisim elements for replacement
INFO: [Netlist 29-28] Unisim Transformation completed in 0 CPU seconds
INFO: [Project 1-570] Preparing netlist for logic optimization
INFO: [Opt 31-138] Pushed 0 inverter(s) to 0 load pin(s).
Netlist sorting complete. Time (s): cpu = 00:00:00 ; elapsed = 00:00:00 . Memory (MB): peak = 1451.055 ; gain = 0.000
INFO: [Project 1-111] Unisim Transformation Summary:
No Unisim elements were transformed.

Synth Design complete | Checksum: 232a6efd
INFO: [Common 17-83] Releasing license: Synthesis
81 Infos, 1 Warnings, 0 Critical Warnings and 0 Errors encountered.
synth_design completed successfully
synth_design: Time (s): cpu = 00:00:32 ; elapsed = 00:00:56 . Memory (MB): peak = 1451.055 ; gain = 977.016
[libprotobuf ERROR C:\w10\HEAD\src\ext\protobuf\build\lnx64\protobuf-3.7.1\src\google\protobuf\wire_format_lite.cc:611] String field 'HDMetricDBGroup.MetricMapEntry.value' contains invalid UTF-8 data when serializing a protocol buffer. Use the 'bytes' type if you intend to send raw bytes. 
[libprotobuf ERROR C:\w10\HEAD\src\ext\protobuf\build\lnx64\protobuf-3.7.1\src\google\protobuf\wire_format_lite.cc:611] String field 'HDMetricDBGroup.MetricMapEntry.value' contains invalid UTF-8 data when serializing a protocol buffer. Use the 'bytes' type if you intend to send raw bytes. 
[libprotobuf ERROR C:\w10\HEAD\src\ext\protobuf\build\lnx64\protobuf-3.7.1\src\google\protobuf\wire_format_lite.cc:611] String field 'HDMetricDBGroup.MetricMapEntry.value' contains invalid UTF-8 data when serializing a protocol buffer. Use the 'bytes' type if you intend to send raw bytes. 
[libprotobuf ERROR C:\w10\HEAD\src\ext\protobuf\build\lnx64\protobuf-3.7.1\src\google\protobuf\wire_format_lite.cc:611] String field 'HDMetricDBGroup.MetricMapEntry.value' contains invalid UTF-8 data when serializing a protocol buffer. Use the 'bytes' type if you intend to send raw bytes. 
INFO: [Common 17-1381] The checkpoint 'C:/Vivado_Pr/Practica_5/Practica_5.runs/synth_1/sintesis_tragaperras.dcp' has been generated.
INFO: [runtcl-4] Executing : report_utilization -file sintesis_tragaperras_utilization_synth.rpt -pb sintesis_tragaperras_utilization_synth.pb
INFO: [Common 17-206] Exiting Vivado at Sat Dec  7 23:29:11 2024...
